[2025-11-14 20:45:14] Starting download for URL: https://www.reddit.com/r/funnycats/comments/1owwnaj/time_to_think_and_get_serious/?utm_source=share&utm_medium=mweb3x&utm_name=mweb3xcss&utm_term=1&utm_content=share_button
[2025-11-14 20:45:15] downloading: /home/pajojeku/AndroidStudioProjects/Everyload/yt_dlp_server/downloads/Time to think and get serious 😅.fhls-1052.mp4 16.7% downloaded=893 speed=2166.6549761119563
[2025-11-14 20:45:15] downloading: /home/pajojeku/AndroidStudioProjects/Everyload/yt_dlp_server/downloads/Time to think and get serious 😅.fhls-1052.mp4 8.3% downloaded=893 speed=2166.6549761119563
[2025-11-14 20:45:15] downloading: /home/pajojeku/AndroidStudioProjects/Everyload/yt_dlp_server/downloads/Time to think and get serious 😅.fhls-1052.mp4 0.1% downloaded=1917 speed=3630.735668901699
[2025-11-14 20:45:15] downloading: /home/pajojeku/AndroidStudioProjects/Everyload/yt_dlp_server/downloads/Time to think and get serious 😅.fhls-1052.mp4 0.3% downloaded=3965 speed=3630.735668901699
[2025-11-14 20:45:15] downloading: /home/pajojeku/AndroidStudioProjects/Everyload/yt_dlp_server/downloads/Time to think and get serious 😅.fhls-1052.mp4 0.5% downloaded=8061 speed=3630.735668901699
[2025-11-14 20:45:15] downloading: /home/pajojeku/AndroidStudioProjects/Everyload/yt_dlp_server/downloads/Time to think and get serious 😅.fhls-1052.mp4 1.1% downloaded=16253 speed=3630.735668901699
[2025-11-14 20:45:15] downloading: /home/pajojeku/AndroidStudioProjects/Everyload/yt_dlp_server/downloads/Time to think and get serious 😅.fhls-1052.mp4 2.2% downloaded=32637 speed=3630.735668901699
[2025-11-14 20:45:16] downloading: /home/pajojeku/AndroidStudioProjects/Everyload/yt_dlp_server/downloads/Time to think and get serious 😅.fhls-1052.mp4 4.2% downloaded=65405 speed=3630.735668901699
[2025-11-14 20:45:16] downloading: /home/pajojeku/AndroidStudioProjects/Everyload/yt_dlp_server/downloads/Time to think and get serious 😅.fhls-1052.mp4 7.9% downloaded=130941 speed=3630.735668901699
[2025-11-14 20:45:16] downloading: /home/pajojeku/AndroidStudioProjects/Everyload/yt_dlp_server/downloads/Time to think and get serious 😅.fhls-1052.mp4 14.1% downloaded=262013 speed=238817.5656916943
[2025-11-14 20:45:16] downloading: /home/pajojeku/AndroidStudioProjects/Everyload/yt_dlp_server/downloads/Time to think and get serious 😅.fhls-1052.mp4 21.8% downloaded=490307 speed=537238.180734359
[2025-11-14 20:45:16] downloading: /home/pajojeku/AndroidStudioProjects/Everyload/yt_dlp_server/downloads/Time to think and get serious 😅.fhls-1052.mp4 16.7% downloaded=490307 speed=537238.180734359
[2025-11-14 20:45:16] downloading: /home/pajojeku/AndroidStudioProjects/Everyload/yt_dlp_server/downloads/Time to think and get serious 😅.fhls-1052.mp4 25.9% downloaded=491331 speed=672732.4277044301
[2025-11-14 20:45:16] downloading: /home/pajojeku/AndroidStudioProjects/Everyload/yt_dlp_server/downloads/Time to think and get serious 😅.fhls-1052.mp4 26.0% downloaded=493379 speed=672732.4277044301
[2025-11-14 20:45:16] downloading: /home/pajojeku/AndroidStudioProjects/Everyload/yt_dlp_server/downloads/Time to think and get serious 😅.fhls-1052.mp4 26.2% downloaded=497475 speed=672732.4277044301
[2025-11-14 20:45:16] downloading: /home/pajojeku/AndroidStudioProjects/Everyload/yt_dlp_server/downloads/Time to think and get serious 😅.fhls-1052.mp4 26.5% downloaded=505667 speed=672732.4277044301
[2025-11-14 20:45:16] downloading: /home/pajojeku/AndroidStudioProjects/Everyload/yt_dlp_server/downloads/Time to think and get serious 😅.fhls-1052.mp4 27.1% downloaded=522051 speed=672732.4277044301
[2025-11-14 20:45:16] downloading: /home/pajojeku/AndroidStudioProjects/Everyload/yt_dlp_server/downloads/Time to think and get serious 😅.fhls-1052.mp4 28.3% downloaded=554819 speed=672732.4277044301
[2025-11-14 20:45:16] downloading: /home/pajojeku/AndroidStudioProjects/Everyload/yt_dlp_server/downloads/Time to think and get serious 😅.fhls-1052.mp4 30.6% downloaded=620355 speed=801384.2983542114
[2025-11-14 20:45:16] downloading: /home/pajojeku/AndroidStudioProjects/Everyload/yt_dlp_server/downloads/Time to think and get serious 😅.fhls-1052.mp4 34.9% downloaded=751427 speed=801384.2983542114
[2025-11-14 20:45:16] downloading: /home/pajojeku/AndroidStudioProjects/Everyload/yt_dlp_server/downloads/Time to think and get serious 😅.fhls-1052.mp4 39.2% downloaded=948031 speed=1016040.6187366087
[2025-11-14 20:45:16] downloading: /home/pajojeku/AndroidStudioProjects/Everyload/yt_dlp_server/downloads/Time to think and get serious 😅.fhls-1052.mp4 33.7% downloaded=948031 speed=1016040.6187366087
[2025-11-14 20:45:16] downloading: /home/pajojeku/AndroidStudioProjects/Everyload/yt_dlp_server/downloads/Time to think and get serious 😅.fhls-1052.mp4 45.2% downloaded=949055 speed=1054469.9387137338
[2025-11-14 20:45:16] downloading: /home/pajojeku/AndroidStudioProjects/Everyload/yt_dlp_server/downloads/Time to think and get serious 😅.fhls-1052.mp4 45.3% downloaded=951103 speed=1054469.9387137338
[2025-11-14 20:45:16] downloading: /home/pajojeku/AndroidStudioProjects/Everyload/yt_dlp_server/downloads/Time to think and get serious 😅.fhls-1052.mp4 45.4% downloaded=955199 speed=1054469.9387137338
[2025-11-14 20:45:16] downloading: /home/pajojeku/AndroidStudioProjects/Everyload/yt_dlp_server/downloads/Time to think and get serious 😅.fhls-1052.mp4 45.6% downloaded=963391 speed=1054469.9387137338
[2025-11-14 20:45:16] downloading: /home/pajojeku/AndroidStudioProjects/Everyload/yt_dlp_server/downloads/Time to think and get serious 😅.fhls-1052.mp4 46.2% downloaded=979775 speed=1054469.9387137338
[2025-11-14 20:45:16] downloading: /home/pajojeku/AndroidStudioProjects/Everyload/yt_dlp_server/downloads/Time to think and get serious 😅.fhls-1052.mp4 47.1% downloaded=1012543 speed=1054469.9387137338
[2025-11-14 20:45:16] downloading: /home/pajojeku/AndroidStudioProjects/Everyload/yt_dlp_server/downloads/Time to think and get serious 😅.fhls-1052.mp4 49.1% downloaded=1078079 speed=1101663.91076537
[2025-11-14 20:45:16] downloading: /home/pajojeku/AndroidStudioProjects/Everyload/yt_dlp_server/downloads/Time to think and get serious 😅.fhls-1052.mp4 52.7% downloaded=1209151 speed=1101663.91076537
[2025-11-14 20:45:16] downloading: /home/pajojeku/AndroidStudioProjects/Everyload/yt_dlp_server/downloads/Time to think and get serious 😅.fhls-1052.mp4 56.2% downloaded=1399980 speed=1218085.385698582
[2025-11-14 20:45:16] downloading: /home/pajojeku/AndroidStudioProjects/Everyload/yt_dlp_server/downloads/Time to think and get serious 😅.fhls-1052.mp4 50.4% downloaded=1399980 speed=1218085.385698582
[2025-11-14 20:45:16] downloading: /home/pajojeku/AndroidStudioProjects/Everyload/yt_dlp_server/downloads/Time to think and get serious 😅.fhls-1052.mp4 64.4% downloaded=1401004 speed=1214571.5026818337
[2025-11-14 20:45:16] downloading: /home/pajojeku/AndroidStudioProjects/Everyload/yt_dlp_server/downloads/Time to think and get serious 😅.fhls-1052.mp4 64.4% downloaded=1403052 speed=1214571.5026818337
[2025-11-14 20:45:16] downloading: /home/pajojeku/AndroidStudioProjects/Everyload/yt_dlp_server/downloads/Time to think and get serious 😅.fhls-1052.mp4 64.5% downloaded=1407148 speed=1214571.5026818337
[2025-11-14 20:45:16] downloading: /home/pajojeku/AndroidStudioProjects/Everyload/yt_dlp_server/downloads/Time to think and get serious 😅.fhls-1052.mp4 64.8% downloaded=1415340 speed=1214571.5026818337
[2025-11-14 20:45:16] downloading: /home/pajojeku/AndroidStudioProjects/Everyload/yt_dlp_server/downloads/Time to think and get serious 😅.fhls-1052.mp4 65.2% downloaded=1431724 speed=1214571.5026818337
[2025-11-14 20:45:16] downloading: /home/pajojeku/AndroidStudioProjects/Everyload/yt_dlp_server/downloads/Time to think and get serious 😅.fhls-1052.mp4 66.1% downloaded=1464492 speed=1214571.5026818337
[2025-11-14 20:45:16] downloading: /home/pajojeku/AndroidStudioProjects/Everyload/yt_dlp_server/downloads/Time to think and get serious 😅.fhls-1052.mp4 67.9% downloaded=1530028 speed=1226951.4805812046
[2025-11-14 20:45:16] downloading: /home/pajojeku/AndroidStudioProjects/Everyload/yt_dlp_server/downloads/Time to think and get serious 😅.fhls-1052.mp4 71.2% downloaded=1661100 speed=1226951.4805812046
[2025-11-14 20:45:16] downloading: /home/pajojeku/AndroidStudioProjects/Everyload/yt_dlp_server/downloads/Time to think and get serious 😅.fhls-1052.mp4 72.8% downloaded=1814119 speed=1282934.5696709917
[2025-11-14 20:45:16] downloading: /home/pajojeku/AndroidStudioProjects/Everyload/yt_dlp_server/downloads/Time to think and get serious 😅.fhls-1052.mp4 67.8% downloaded=1814119 speed=1282934.5696709917
[2025-11-14 20:45:17] downloading: /home/pajojeku/AndroidStudioProjects/Everyload/yt_dlp_server/downloads/Time to think and get serious 😅.fhls-1052.mp4 80.5% downloaded=1815143 speed=1279032.405374272
[2025-11-14 20:45:17] downloading: /home/pajojeku/AndroidStudioProjects/Everyload/yt_dlp_server/downloads/Time to think and get serious 😅.fhls-1052.mp4 80.5% downloaded=1817191 speed=1279032.405374272
[2025-11-14 20:45:17] downloading: /home/pajojeku/AndroidStudioProjects/Everyload/yt_dlp_server/downloads/Time to think and get serious 😅.fhls-1052.mp4 80.6% downloaded=1821287 speed=1279032.405374272
[2025-11-14 20:45:17] downloading: /home/pajojeku/AndroidStudioProjects/Everyload/yt_dlp_server/downloads/Time to think and get serious 😅.fhls-1052.mp4 80.8% downloaded=1829479 speed=1279032.405374272
[2025-11-14 20:45:17] downloading: /home/pajojeku/AndroidStudioProjects/Everyload/yt_dlp_server/downloads/Time to think and get serious 😅.fhls-1052.mp4 81.3% downloaded=1845863 speed=1279032.405374272
[2025-11-14 20:45:17] downloading: /home/pajojeku/AndroidStudioProjects/Everyload/yt_dlp_server/downloads/Time to think and get serious 😅.fhls-1052.mp4 82.1% downloaded=1878631 speed=1279032.405374272
[2025-11-14 20:45:17] downloading: /home/pajojeku/AndroidStudioProjects/Everyload/yt_dlp_server/downloads/Time to think and get serious 😅.fhls-1052.mp4 83.8% downloaded=1944167 speed=1279032.405374272
[2025-11-14 20:45:17] downloading: /home/pajojeku/AndroidStudioProjects/Everyload/yt_dlp_server/downloads/Time to think and get serious 😅.fhls-1052.mp4 87.0% downloaded=2075239 speed=1313587.3792850235
[2025-11-14 20:45:17] downloading: /home/pajojeku/AndroidStudioProjects/Everyload/yt_dlp_server/downloads/Time to think and get serious 😅.fhls-1052.mp4 89.6% downloaded=2256136 speed=1358451.948012386
[2025-11-14 20:45:17] downloading: /home/pajojeku/AndroidStudioProjects/Everyload/yt_dlp_server/downloads/Time to think and get serious 😅.fhls-1052.mp4 83.6% downloaded=2256136 speed=1358451.948012386
[2025-11-14 20:45:17] downloading: /home/pajojeku/AndroidStudioProjects/Everyload/yt_dlp_server/downloads/Time to think and get serious 😅.fhls-1052.mp4 96.7% downloaded=2257160 speed=1361093.1611369953
[2025-11-14 20:45:17] downloading: /home/pajojeku/AndroidStudioProjects/Everyload/yt_dlp_server/downloads/Time to think and get serious 😅.fhls-1052.mp4 96.7% downloaded=2259208 speed=1361093.1611369953
[2025-11-14 20:45:17] downloading: /home/pajojeku/AndroidStudioProjects/Everyload/yt_dlp_server/downloads/Time to think and get serious 😅.fhls-1052.mp4 96.8% downloaded=2263304 speed=1361093.1611369953
[2025-11-14 20:45:17] downloading: /home/pajojeku/AndroidStudioProjects/Everyload/yt_dlp_server/downloads/Time to think and get serious 😅.fhls-1052.mp4 97.0% downloaded=2271496 speed=1361093.1611369953
[2025-11-14 20:45:17] downloading: /home/pajojeku/AndroidStudioProjects/Everyload/yt_dlp_server/downloads/Time to think and get serious 😅.fhls-1052.mp4 97.4% downloaded=2287880 speed=1361093.1611369953
[2025-11-14 20:45:17] downloading: /home/pajojeku/AndroidStudioProjects/Everyload/yt_dlp_server/downloads/Time to think and get serious 😅.fhls-1052.mp4 98.3% downloaded=2320648 speed=1361093.1611369953
[2025-11-14 20:45:17] downloading: /home/pajojeku/AndroidStudioProjects/Everyload/yt_dlp_server/downloads/Time to think and get serious 😅.fhls-1052.mp4 99.8% downloaded=2386184 speed=1371431.9242541457
[2025-11-14 20:45:17] downloading: /home/pajojeku/AndroidStudioProjects/Everyload/yt_dlp_server/downloads/Time to think and get serious 😅.fhls-1052.mp4 100.0% downloaded=2517256 speed=1371431.9242541457
[2025-11-14 20:45:17] downloading: /home/pajojeku/AndroidStudioProjects/Everyload/yt_dlp_server/downloads/Time to think and get serious 😅.fhls-1052.mp4 100.0% downloaded=2723760 speed=1371431.9242541457
[2025-11-14 20:45:17] downloading: /home/pajojeku/AndroidStudioProjects/Everyload/yt_dlp_server/downloads/Time to think and get serious 😅.fhls-1052.mp4 99.6% downloaded=2723760 speed=1371431.9242541457
[2025-11-14 20:45:17] finished: /home/pajojeku/AndroidStudioProjects/Everyload/yt_dlp_server/downloads/Time to think and get serious 😅.fhls-1052.mp4
[2025-11-14 20:45:17] downloading: /home/pajojeku/AndroidStudioProjects/Everyload/yt_dlp_server/downloads/Time to think and get serious 😅.fdash-6.m4a 0.3% downloaded=1024 speed=795953.909562639
[2025-11-14 20:45:17] downloading: /home/pajojeku/AndroidStudioProjects/Everyload/yt_dlp_server/downloads/Time to think and get serious 😅.fdash-6.m4a 0.8% downloaded=3072 speed=1536477.687574529
[2025-11-14 20:45:17] downloading: /home/pajojeku/AndroidStudioProjects/Everyload/yt_dlp_server/downloads/Time to think and get serious 😅.fdash-6.m4a 1.8% downloaded=7168 speed=3174738.2335797255
[2025-11-14 20:45:17] downloading: /home/pajojeku/AndroidStudioProjects/Everyload/yt_dlp_server/downloads/Time to think and get serious 😅.fdash-6.m4a 3.9% downloaded=15360 speed=6106009.803810066
[2025-11-14 20:45:17] downloading: /home/pajojeku/AndroidStudioProjects/Everyload/yt_dlp_server/downloads/Time to think and get serious 😅.fdash-6.m4a 8.0% downloaded=31744 speed=11326583.256146321
[2025-11-14 20:45:17] downloading: /home/pajojeku/AndroidStudioProjects/Everyload/yt_dlp_server/downloads/Time to think and get serious 😅.fdash-6.m4a 16.2% downloaded=64512 speed=1618144.8148405077
[2025-11-14 20:45:17] downloading: /home/pajojeku/AndroidStudioProjects/Everyload/yt_dlp_server/downloads/Time to think and get serious 😅.fdash-6.m4a 32.7% downloaded=130048 speed=2527177.0799951814
[2025-11-14 20:45:17] downloading: /home/pajojeku/AndroidStudioProjects/Everyload/yt_dlp_server/downloads/Time to think and get serious 😅.fdash-6.m4a 65.7% downloaded=261120 speed=2725504.33127613
[2025-11-14 20:45:17] downloading: /home/pajojeku/AndroidStudioProjects/Everyload/yt_dlp_server/downloads/Time to think and get serious 😅.fdash-6.m4a 100.0% downloaded=397697 speed=3140366.3584553287
[2025-11-14 20:45:17] finished: /home/pajojeku/AndroidStudioProjects/Everyload/yt_dlp_server/downloads/Time to think and get serious 😅.fdash-6.m4a
[2025-11-14 20:45:17] yt_dlp finished extraction
[2025-11-14 20:45:17] Job 0e58570f-5697-4942-9fcd-314aba3bc166 finished, files: ['Time to think and get serious 😅.mp4']
