[2025-11-14 21:22:28] Starting download for URL: https://ww25.soap2day.day/south-park-bigger-longer-uncut-soap2day/
[2025-11-14 21:22:36] downloading: /home/pajojeku/AndroidStudioProjects/Everyload/yt_dlp_server/downloads/South Park： Bigger, Longer & Uncut Sing-A-Long 25th Anniversary ｜ June 23 & 26.f137.mp4 0.0% downloaded=1024 speed=737206.882251974
[2025-11-14 21:22:36] downloading: /home/pajojeku/AndroidStudioProjects/Everyload/yt_dlp_server/downloads/South Park： Bigger, Longer & Uncut Sing-A-Long 25th Anniversary ｜ June 23 & 26.f137.mp4 0.0% downloaded=3072 speed=1692931.5317303902
[2025-11-14 21:22:36] downloading: /home/pajojeku/AndroidStudioProjects/Everyload/yt_dlp_server/downloads/South Park： Bigger, Longer & Uncut Sing-A-Long 25th Anniversary ｜ June 23 & 26.f137.mp4 0.1% downloaded=7168 speed=3497937.2974985456
[2025-11-14 21:22:36] downloading: /home/pajojeku/AndroidStudioProjects/Everyload/yt_dlp_server/downloads/South Park： Bigger, Longer & Uncut Sing-A-Long 25th Anniversary ｜ June 23 & 26.f137.mp4 0.2% downloaded=15360 speed=6498992.175930596
[2025-11-14 21:22:36] downloading: /home/pajojeku/AndroidStudioProjects/Everyload/yt_dlp_server/downloads/South Park： Bigger, Longer & Uncut Sing-A-Long 25th Anniversary ｜ June 23 & 26.f137.mp4 0.4% downloaded=31744 speed=3733288.082548228
[2025-11-14 21:22:36] downloading: /home/pajojeku/AndroidStudioProjects/Everyload/yt_dlp_server/downloads/South Park： Bigger, Longer & Uncut Sing-A-Long 25th Anniversary ｜ June 23 & 26.f137.mp4 0.9% downloaded=64512 speed=2734707.912031048
[2025-11-14 21:22:36] downloading: /home/pajojeku/AndroidStudioProjects/Everyload/yt_dlp_server/downloads/South Park： Bigger, Longer & Uncut Sing-A-Long 25th Anniversary ｜ June 23 & 26.f137.mp4 1.8% downloaded=130048 speed=3380941.689860786
[2025-11-14 21:22:36] downloading: /home/pajojeku/AndroidStudioProjects/Everyload/yt_dlp_server/downloads/South Park： Bigger, Longer & Uncut Sing-A-Long 25th Anniversary ｜ June 23 & 26.f137.mp4 3.6% downloaded=261120 speed=5052133.518218679
[2025-11-14 21:22:36] downloading: /home/pajojeku/AndroidStudioProjects/Everyload/yt_dlp_server/downloads/South Park： Bigger, Longer & Uncut Sing-A-Long 25th Anniversary ｜ June 23 & 26.f137.mp4 7.2% downloaded=523264 speed=7624475.99384408
[2025-11-14 21:22:36] downloading: /home/pajojeku/AndroidStudioProjects/Everyload/yt_dlp_server/downloads/South Park： Bigger, Longer & Uncut Sing-A-Long 25th Anniversary ｜ June 23 & 26.f137.mp4 14.5% downloaded=1047552 speed=9059206.81851696
[2025-11-14 21:22:36] downloading: /home/pajojeku/AndroidStudioProjects/Everyload/yt_dlp_server/downloads/South Park： Bigger, Longer & Uncut Sing-A-Long 25th Anniversary ｜ June 23 & 26.f137.mp4 28.9% downloaded=2096128 speed=6323692.493256467
[2025-11-14 21:22:37] downloading: /home/pajojeku/AndroidStudioProjects/Everyload/yt_dlp_server/downloads/South Park： Bigger, Longer & Uncut Sing-A-Long 25th Anniversary ｜ June 23 & 26.f137.mp4 57.9% downloaded=4193280 speed=9946180.738582576
[2025-11-14 21:22:37] downloading: /home/pajojeku/AndroidStudioProjects/Everyload/yt_dlp_server/downloads/South Park： Bigger, Longer & Uncut Sing-A-Long 25th Anniversary ｜ June 23 & 26.f137.mp4 100.0% downloaded=7242358 speed=13541816.697604377
[2025-11-14 21:22:37] finished: /home/pajojeku/AndroidStudioProjects/Everyload/yt_dlp_server/downloads/South Park： Bigger, Longer & Uncut Sing-A-Long 25th Anniversary ｜ June 23 & 26.f137.mp4
[2025-11-14 21:22:37] downloading: /home/pajojeku/AndroidStudioProjects/Everyload/yt_dlp_server/downloads/South Park： Bigger, Longer & Uncut Sing-A-Long 25th Anniversary ｜ June 23 & 26.f251.webm 0.3% downloaded=1024 speed=None
[2025-11-14 21:22:37] downloading: /home/pajojeku/AndroidStudioProjects/Everyload/yt_dlp_server/downloads/South Park： Bigger, Longer & Uncut Sing-A-Long 25th Anniversary ｜ June 23 & 26.f251.webm 1.0% downloaded=3072 speed=None
[2025-11-14 21:22:37] downloading: /home/pajojeku/AndroidStudioProjects/Everyload/yt_dlp_server/downloads/South Park： Bigger, Longer & Uncut Sing-A-Long 25th Anniversary ｜ June 23 & 26.f251.webm 2.2% downloaded=7168 speed=5870878.943956259
[2025-11-14 21:22:37] downloading: /home/pajojeku/AndroidStudioProjects/Everyload/yt_dlp_server/downloads/South Park： Bigger, Longer & Uncut Sing-A-Long 25th Anniversary ｜ June 23 & 26.f251.webm 4.8% downloaded=15360 speed=9761289.309090909
[2025-11-14 21:22:37] downloading: /home/pajojeku/AndroidStudioProjects/Everyload/yt_dlp_server/downloads/South Park： Bigger, Longer & Uncut Sing-A-Long 25th Anniversary ｜ June 23 & 26.f251.webm 9.8% downloaded=31744 speed=3164368.9080711096
[2025-11-14 21:22:37] downloading: /home/pajojeku/AndroidStudioProjects/Everyload/yt_dlp_server/downloads/South Park： Bigger, Longer & Uncut Sing-A-Long 25th Anniversary ｜ June 23 & 26.f251.webm 20.0% downloaded=64512 speed=2657463.559693577
[2025-11-14 21:22:37] downloading: /home/pajojeku/AndroidStudioProjects/Everyload/yt_dlp_server/downloads/South Park： Bigger, Longer & Uncut Sing-A-Long 25th Anniversary ｜ June 23 & 26.f251.webm 40.2% downloaded=130048 speed=4089800.980662963
[2025-11-14 21:22:37] downloading: /home/pajojeku/AndroidStudioProjects/Everyload/yt_dlp_server/downloads/South Park： Bigger, Longer & Uncut Sing-A-Long 25th Anniversary ｜ June 23 & 26.f251.webm 80.8% downloaded=261120 speed=5569115.374734947
[2025-11-14 21:22:37] downloading: /home/pajojeku/AndroidStudioProjects/Everyload/yt_dlp_server/downloads/South Park： Bigger, Longer & Uncut Sing-A-Long 25th Anniversary ｜ June 23 & 26.f251.webm 100.0% downloaded=323131 speed=5413118.904938593
[2025-11-14 21:22:37] finished: /home/pajojeku/AndroidStudioProjects/Everyload/yt_dlp_server/downloads/South Park： Bigger, Longer & Uncut Sing-A-Long 25th Anniversary ｜ June 23 & 26.f251.webm
[2025-11-14 21:22:37] yt_dlp finished extraction
[2025-11-14 21:22:37] Job 98b056a9-d53c-4c43-a0c2-a2ff091f41bc finished, files: ['South Park： Bigger, Longer & Uncut Sing-A-Long 25th Anniversary ｜ June 23 & 26.mkv']
