[2025-11-14 20:46:22] Starting download for URL: https://www.reddit.com/r/funnycats/comments/1owsm88/bro_used_the_cat_like_a_pok%C3%A9mon/?utm_source=share&utm_medium=mweb3x&utm_name=mweb3xcss&utm_term=1&utm_content=share_button
[2025-11-14 20:46:23] downloading: /home/pajojeku/AndroidStudioProjects/Everyload/yt_dlp_server/downloads/Bro used the cat like a Pokémon.fhls-723.mp4 25.0% downloaded=871 speed=1569.8372280052356
[2025-11-14 20:46:23] downloading: /home/pajojeku/AndroidStudioProjects/Everyload/yt_dlp_server/downloads/Bro used the cat like a Pokémon.fhls-723.mp4 12.5% downloaded=871 speed=1569.8372280052356
[2025-11-14 20:46:23] downloading: /home/pajojeku/AndroidStudioProjects/Everyload/yt_dlp_server/downloads/Bro used the cat like a Pokémon.fhls-723.mp4 0.4% downloaded=1895 speed=2660.851997245295
[2025-11-14 20:46:23] downloading: /home/pajojeku/AndroidStudioProjects/Everyload/yt_dlp_server/downloads/Bro used the cat like a Pokémon.fhls-723.mp4 0.8% downloaded=3943 speed=2660.851997245295
[2025-11-14 20:46:23] downloading: /home/pajojeku/AndroidStudioProjects/Everyload/yt_dlp_server/downloads/Bro used the cat like a Pokémon.fhls-723.mp4 1.6% downloaded=8039 speed=2660.851997245295
[2025-11-14 20:46:23] downloading: /home/pajojeku/AndroidStudioProjects/Everyload/yt_dlp_server/downloads/Bro used the cat like a Pokémon.fhls-723.mp4 3.2% downloaded=16231 speed=2660.851997245295
[2025-11-14 20:46:23] downloading: /home/pajojeku/AndroidStudioProjects/Everyload/yt_dlp_server/downloads/Bro used the cat like a Pokémon.fhls-723.mp4 6.2% downloaded=32615 speed=2660.851997245295
[2025-11-14 20:46:23] downloading: /home/pajojeku/AndroidStudioProjects/Everyload/yt_dlp_server/downloads/Bro used the cat like a Pokémon.fhls-723.mp4 11.7% downloaded=65383 speed=2660.851997245295
[2025-11-14 20:46:23] downloading: /home/pajojeku/AndroidStudioProjects/Everyload/yt_dlp_server/downloads/Bro used the cat like a Pokémon.fhls-723.mp4 20.9% downloaded=130919 speed=2660.851997245295
[2025-11-14 20:46:23] downloading: /home/pajojeku/AndroidStudioProjects/Everyload/yt_dlp_server/downloads/Bro used the cat like a Pokémon.fhls-723.mp4 32.8% downloaded=248757 speed=179345.8505067419
[2025-11-14 20:46:23] downloading: /home/pajojeku/AndroidStudioProjects/Everyload/yt_dlp_server/downloads/Bro used the cat like a Pokémon.fhls-723.mp4 25.0% downloaded=248757 speed=179345.8505067419
[2025-11-14 20:46:23] downloading: /home/pajojeku/AndroidStudioProjects/Everyload/yt_dlp_server/downloads/Bro used the cat like a Pokémon.fhls-723.mp4 32.6% downloaded=249781 speed=273583.05480162567
[2025-11-14 20:46:23] downloading: /home/pajojeku/AndroidStudioProjects/Everyload/yt_dlp_server/downloads/Bro used the cat like a Pokémon.fhls-723.mp4 32.8% downloaded=251829 speed=273583.05480162567
[2025-11-14 20:46:23] downloading: /home/pajojeku/AndroidStudioProjects/Everyload/yt_dlp_server/downloads/Bro used the cat like a Pokémon.fhls-723.mp4 33.2% downloaded=255925 speed=273583.05480162567
[2025-11-14 20:46:23] downloading: /home/pajojeku/AndroidStudioProjects/Everyload/yt_dlp_server/downloads/Bro used the cat like a Pokémon.fhls-723.mp4 34.0% downloaded=264117 speed=273583.05480162567
[2025-11-14 20:46:23] downloading: /home/pajojeku/AndroidStudioProjects/Everyload/yt_dlp_server/downloads/Bro used the cat like a Pokémon.fhls-723.mp4 35.7% downloaded=280501 speed=273583.05480162567
[2025-11-14 20:46:23] downloading: /home/pajojeku/AndroidStudioProjects/Everyload/yt_dlp_server/downloads/Bro used the cat like a Pokémon.fhls-723.mp4 38.7% downloaded=313269 speed=273583.05480162567
[2025-11-14 20:46:23] downloading: /home/pajojeku/AndroidStudioProjects/Everyload/yt_dlp_server/downloads/Bro used the cat like a Pokémon.fhls-723.mp4 44.4% downloaded=378805 speed=273583.05480162567
[2025-11-14 20:46:23] downloading: /home/pajojeku/AndroidStudioProjects/Everyload/yt_dlp_server/downloads/Bro used the cat like a Pokémon.fhls-723.mp4 54.3% downloaded=509877 speed=464829.6144833767
[2025-11-14 20:46:23] downloading: /home/pajojeku/AndroidStudioProjects/Everyload/yt_dlp_server/downloads/Bro used the cat like a Pokémon.fhls-723.mp4 51.6% downloaded=574733 speed=464829.6144833767
[2025-11-14 20:46:23] downloading: /home/pajojeku/AndroidStudioProjects/Everyload/yt_dlp_server/downloads/Bro used the cat like a Pokémon.fhls-723.mp4 47.9% downloaded=574733 speed=464829.6144833767
[2025-11-14 20:46:24] downloading: /home/pajojeku/AndroidStudioProjects/Everyload/yt_dlp_server/downloads/Bro used the cat like a Pokémon.fhls-723.mp4 63.3% downloaded=575757 speed=581596.0727620074
[2025-11-14 20:46:24] downloading: /home/pajojeku/AndroidStudioProjects/Everyload/yt_dlp_server/downloads/Bro used the cat like a Pokémon.fhls-723.mp4 63.5% downloaded=577805 speed=581596.0727620074
[2025-11-14 20:46:24] downloading: /home/pajojeku/AndroidStudioProjects/Everyload/yt_dlp_server/downloads/Bro used the cat like a Pokémon.fhls-723.mp4 63.8% downloaded=581901 speed=581596.0727620074
[2025-11-14 20:46:24] downloading: /home/pajojeku/AndroidStudioProjects/Everyload/yt_dlp_server/downloads/Bro used the cat like a Pokémon.fhls-723.mp4 64.4% downloaded=590093 speed=581596.0727620074
[2025-11-14 20:46:24] downloading: /home/pajojeku/AndroidStudioProjects/Everyload/yt_dlp_server/downloads/Bro used the cat like a Pokémon.fhls-723.mp4 65.6% downloaded=606477 speed=581596.0727620074
[2025-11-14 20:46:24] downloading: /home/pajojeku/AndroidStudioProjects/Everyload/yt_dlp_server/downloads/Bro used the cat like a Pokémon.fhls-723.mp4 67.9% downloaded=639245 speed=581596.0727620074
[2025-11-14 20:46:24] downloading: /home/pajojeku/AndroidStudioProjects/Everyload/yt_dlp_server/downloads/Bro used the cat like a Pokémon.fhls-723.mp4 72.4% downloaded=704781 speed=581596.0727620074
[2025-11-14 20:46:24] downloading: /home/pajojeku/AndroidStudioProjects/Everyload/yt_dlp_server/downloads/Bro used the cat like a Pokémon.fhls-723.mp4 80.4% downloaded=835853 speed=749326.2566640814
[2025-11-14 20:46:24] downloading: /home/pajojeku/AndroidStudioProjects/Everyload/yt_dlp_server/downloads/Bro used the cat like a Pokémon.fhls-723.mp4 77.7% downloaded=909454 speed=749326.2566640814
[2025-11-14 20:46:24] downloading: /home/pajojeku/AndroidStudioProjects/Everyload/yt_dlp_server/downloads/Bro used the cat like a Pokémon.fhls-723.mp4 73.1% downloaded=909454 speed=749326.2566640814
[2025-11-14 20:46:24] downloading: /home/pajojeku/AndroidStudioProjects/Everyload/yt_dlp_server/downloads/Bro used the cat like a Pokémon.fhls-723.mp4 100.0% downloaded=910478 speed=848381.2356682577
[2025-11-14 20:46:24] downloading: /home/pajojeku/AndroidStudioProjects/Everyload/yt_dlp_server/downloads/Bro used the cat like a Pokémon.fhls-723.mp4 100.0% downloaded=912526 speed=848381.2356682577
[2025-11-14 20:46:24] downloading: /home/pajojeku/AndroidStudioProjects/Everyload/yt_dlp_server/downloads/Bro used the cat like a Pokémon.fhls-723.mp4 100.0% downloaded=916622 speed=848381.2356682577
[2025-11-14 20:46:24] downloading: /home/pajojeku/AndroidStudioProjects/Everyload/yt_dlp_server/downloads/Bro used the cat like a Pokémon.fhls-723.mp4 100.0% downloaded=924814 speed=848381.2356682577
[2025-11-14 20:46:24] downloading: /home/pajojeku/AndroidStudioProjects/Everyload/yt_dlp_server/downloads/Bro used the cat like a Pokémon.fhls-723.mp4 100.0% downloaded=941198 speed=848381.2356682577
[2025-11-14 20:46:24] downloading: /home/pajojeku/AndroidStudioProjects/Everyload/yt_dlp_server/downloads/Bro used the cat like a Pokémon.fhls-723.mp4 100.0% downloaded=973966 speed=848381.2356682577
[2025-11-14 20:46:24] downloading: /home/pajojeku/AndroidStudioProjects/Everyload/yt_dlp_server/downloads/Bro used the cat like a Pokémon.fhls-723.mp4 100.0% downloaded=1039502 speed=848381.2356682577
[2025-11-14 20:46:24] downloading: /home/pajojeku/AndroidStudioProjects/Everyload/yt_dlp_server/downloads/Bro used the cat like a Pokémon.fhls-723.mp4 100.0% downloaded=1120441 speed=969185.858527174
[2025-11-14 20:46:24] downloading: /home/pajojeku/AndroidStudioProjects/Everyload/yt_dlp_server/downloads/Bro used the cat like a Pokémon.fhls-723.mp4 100.0% downloaded=1120441 speed=969185.858527174
[2025-11-14 20:46:24] finished: /home/pajojeku/AndroidStudioProjects/Everyload/yt_dlp_server/downloads/Bro used the cat like a Pokémon.fhls-723.mp4
[2025-11-14 20:46:24] downloading: /home/pajojeku/AndroidStudioProjects/Everyload/yt_dlp_server/downloads/Bro used the cat like a Pokémon.fdash-6.m4a 0.4% downloaded=1024 speed=None
[2025-11-14 20:46:24] downloading: /home/pajojeku/AndroidStudioProjects/Everyload/yt_dlp_server/downloads/Bro used the cat like a Pokémon.fdash-6.m4a 1.2% downloaded=3072 speed=2745557.615171532
[2025-11-14 20:46:24] downloading: /home/pajojeku/AndroidStudioProjects/Everyload/yt_dlp_server/downloads/Bro used the cat like a Pokémon.fdash-6.m4a 2.9% downloaded=7168 speed=5174659.392771085
[2025-11-14 20:46:24] downloading: /home/pajojeku/AndroidStudioProjects/Everyload/yt_dlp_server/downloads/Bro used the cat like a Pokémon.fdash-6.m4a 6.2% downloaded=15360 speed=9339592.554363584
[2025-11-14 20:46:24] downloading: /home/pajojeku/AndroidStudioProjects/Everyload/yt_dlp_server/downloads/Bro used the cat like a Pokémon.fdash-6.m4a 12.8% downloaded=31744 speed=3161738.884756952
[2025-11-14 20:46:24] downloading: /home/pajojeku/AndroidStudioProjects/Everyload/yt_dlp_server/downloads/Bro used the cat like a Pokémon.fdash-6.m4a 26.0% downloaded=64512 speed=2524259.416641012
[2025-11-14 20:46:24] downloading: /home/pajojeku/AndroidStudioProjects/Everyload/yt_dlp_server/downloads/Bro used the cat like a Pokémon.fdash-6.m4a 52.4% downloaded=130048 speed=2633638.8666669885
[2025-11-14 20:46:24] downloading: /home/pajojeku/AndroidStudioProjects/Everyload/yt_dlp_server/downloads/Bro used the cat like a Pokémon.fdash-6.m4a 100.0% downloaded=248091 speed=4231331.626805465
[2025-11-14 20:46:24] finished: /home/pajojeku/AndroidStudioProjects/Everyload/yt_dlp_server/downloads/Bro used the cat like a Pokémon.fdash-6.m4a
[2025-11-14 20:46:24] yt_dlp finished extraction
[2025-11-14 20:46:24] Job be435827-71f8-4633-be4d-0b386e456c7c finished, files: ['Bro used the cat like a Pokémon.mp4']
