[2025-11-14 20:34:07] Starting download for URL: https://youtube.com/watch?v=ECI3eCAxRGw&si=Wk30iP6hroUSVIuC
[2025-11-14 20:34:15] downloading: /home/pajojeku/AndroidStudioProjects/Everyload/yt_dlp_server/downloads/Fallout Season Two Official Trailer ｜ Prime Video.f399.mp4 0.0% downloaded=1024 speed=91815.96682201035
[2025-11-14 20:34:15] downloading: /home/pajojeku/AndroidStudioProjects/Everyload/yt_dlp_server/downloads/Fallout Season Two Official Trailer ｜ Prime Video.f399.mp4 0.0% downloaded=3072 speed=260812.13464769346
[2025-11-14 20:34:15] downloading: /home/pajojeku/AndroidStudioProjects/Everyload/yt_dlp_server/downloads/Fallout Season Two Official Trailer ｜ Prime Video.f399.mp4 0.1% downloaded=7168 speed=580681.23750845
[2025-11-14 20:34:15] downloading: /home/pajojeku/AndroidStudioProjects/Everyload/yt_dlp_server/downloads/Fallout Season Two Official Trailer ｜ Prime Video.f399.mp4 0.1% downloaded=15360 speed=1219006.8011352886
[2025-11-14 20:34:15] downloading: /home/pajojeku/AndroidStudioProjects/Everyload/yt_dlp_server/downloads/Fallout Season Two Official Trailer ｜ Prime Video.f399.mp4 0.3% downloaded=31744 speed=1465133.2729133426
[2025-11-14 20:34:15] downloading: /home/pajojeku/AndroidStudioProjects/Everyload/yt_dlp_server/downloads/Fallout Season Two Official Trailer ｜ Prime Video.f399.mp4 0.5% downloaded=64512 speed=1477214.9502268373
[2025-11-14 20:34:15] downloading: /home/pajojeku/AndroidStudioProjects/Everyload/yt_dlp_server/downloads/Fallout Season Two Official Trailer ｜ Prime Video.f399.mp4 1.0% downloaded=130048 speed=1803080.982797604
[2025-11-14 20:34:15] downloading: /home/pajojeku/AndroidStudioProjects/Everyload/yt_dlp_server/downloads/Fallout Season Two Official Trailer ｜ Prime Video.f399.mp4 2.1% downloaded=261120 speed=2536985.546629604
[2025-11-14 20:34:15] downloading: /home/pajojeku/AndroidStudioProjects/Everyload/yt_dlp_server/downloads/Fallout Season Two Official Trailer ｜ Prime Video.f399.mp4 4.2% downloaded=523264 speed=3563159.8153356602
[2025-11-14 20:34:16] downloading: /home/pajojeku/AndroidStudioProjects/Everyload/yt_dlp_server/downloads/Fallout Season Two Official Trailer ｜ Prime Video.f399.mp4 8.3% downloaded=1047552 speed=4969986.71330921
[2025-11-14 20:34:16] downloading: /home/pajojeku/AndroidStudioProjects/Everyload/yt_dlp_server/downloads/Fallout Season Two Official Trailer ｜ Prime Video.f399.mp4 16.6% downloaded=2096128 speed=8217624.419123427
[2025-11-14 20:34:16] downloading: /home/pajojeku/AndroidStudioProjects/Everyload/yt_dlp_server/downloads/Fallout Season Two Official Trailer ｜ Prime Video.f399.mp4 33.3% downloaded=4193280 speed=12868196.800285637
[2025-11-14 20:34:16] downloading: /home/pajojeku/AndroidStudioProjects/Everyload/yt_dlp_server/downloads/Fallout Season Two Official Trailer ｜ Prime Video.f399.mp4 66.6% downloaded=8387584 speed=15266533.264104372
[2025-11-14 20:34:16] downloading: /home/pajojeku/AndroidStudioProjects/Everyload/yt_dlp_server/downloads/Fallout Season Two Official Trailer ｜ Prime Video.f399.mp4 80.6% downloaded=10155472 speed=16849941.98032683
[2025-11-14 20:34:16] downloading: /home/pajojeku/AndroidStudioProjects/Everyload/yt_dlp_server/downloads/Fallout Season Two Official Trailer ｜ Prime Video.f399.mp4 80.6% downloaded=10156496 speed=220968.63178474046
[2025-11-14 20:34:16] downloading: /home/pajojeku/AndroidStudioProjects/Everyload/yt_dlp_server/downloads/Fallout Season Two Official Trailer ｜ Prime Video.f399.mp4 80.6% downloaded=10158544 speed=518110.977039688
[2025-11-14 20:34:16] downloading: /home/pajojeku/AndroidStudioProjects/Everyload/yt_dlp_server/downloads/Fallout Season Two Official Trailer ｜ Prime Video.f399.mp4 80.6% downloaded=10162640 speed=1092390.490226001
[2025-11-14 20:34:16] downloading: /home/pajojeku/AndroidStudioProjects/Everyload/yt_dlp_server/downloads/Fallout Season Two Official Trailer ｜ Prime Video.f399.mp4 80.7% downloaded=10170832 speed=2123698.2278481014
[2025-11-14 20:34:16] downloading: /home/pajojeku/AndroidStudioProjects/Everyload/yt_dlp_server/downloads/Fallout Season Two Official Trailer ｜ Prime Video.f399.mp4 80.8% downloaded=10187216 speed=1390915.4044544732
[2025-11-14 20:34:16] downloading: /home/pajojeku/AndroidStudioProjects/Everyload/yt_dlp_server/downloads/Fallout Season Two Official Trailer ｜ Prime Video.f399.mp4 81.1% downloaded=10219984 speed=1621422.2174496644
[2025-11-14 20:34:16] downloading: /home/pajojeku/AndroidStudioProjects/Everyload/yt_dlp_server/downloads/Fallout Season Two Official Trailer ｜ Prime Video.f399.mp4 81.6% downloaded=10285520 speed=2315228.320360616
[2025-11-14 20:34:16] downloading: /home/pajojeku/AndroidStudioProjects/Everyload/yt_dlp_server/downloads/Fallout Season Two Official Trailer ｜ Prime Video.f399.mp4 82.7% downloaded=10416592 speed=3444088.3791458462
[2025-11-14 20:34:16] downloading: /home/pajojeku/AndroidStudioProjects/Everyload/yt_dlp_server/downloads/Fallout Season Two Official Trailer ｜ Prime Video.f399.mp4 84.7% downloaded=10678736 speed=2469955.42079521
[2025-11-14 20:34:16] downloading: /home/pajojeku/AndroidStudioProjects/Everyload/yt_dlp_server/downloads/Fallout Season Two Official Trailer ｜ Prime Video.f399.mp4 88.9% downloaded=11203024 speed=4331977.54403013
[2025-11-14 20:34:16] downloading: /home/pajojeku/AndroidStudioProjects/Everyload/yt_dlp_server/downloads/Fallout Season Two Official Trailer ｜ Prime Video.f399.mp4 97.2% downloaded=12251600 speed=7399481.935921304
[2025-11-14 20:34:16] downloading: /home/pajojeku/AndroidStudioProjects/Everyload/yt_dlp_server/downloads/Fallout Season Two Official Trailer ｜ Prime Video.f399.mp4 100.0% downloaded=12601666 speed=8430328.960149346
[2025-11-14 20:34:16] finished: /home/pajojeku/AndroidStudioProjects/Everyload/yt_dlp_server/downloads/Fallout Season Two Official Trailer ｜ Prime Video.f399.mp4
[2025-11-14 20:34:16] downloading: /home/pajojeku/AndroidStudioProjects/Everyload/yt_dlp_server/downloads/Fallout Season Two Official Trailer ｜ Prime Video.f251.webm 0.0% downloaded=1024 speed=214533.83096903097
[2025-11-14 20:34:16] downloading: /home/pajojeku/AndroidStudioProjects/Everyload/yt_dlp_server/downloads/Fallout Season Two Official Trailer ｜ Prime Video.f251.webm 0.1% downloaded=3072 speed=536848.5433106954
[2025-11-14 20:34:16] downloading: /home/pajojeku/AndroidStudioProjects/Everyload/yt_dlp_server/downloads/Fallout Season Two Official Trailer ｜ Prime Video.f251.webm 0.3% downloaded=7168 speed=1153586.4888343182
[2025-11-14 20:34:16] downloading: /home/pajojeku/AndroidStudioProjects/Everyload/yt_dlp_server/downloads/Fallout Season Two Official Trailer ｜ Prime Video.f251.webm 0.6% downloaded=15360 speed=2296528.3370762486
[2025-11-14 20:34:16] downloading: /home/pajojeku/AndroidStudioProjects/Everyload/yt_dlp_server/downloads/Fallout Season Two Official Trailer ｜ Prime Video.f251.webm 1.3% downloaded=31744 speed=1183302.2527395373
[2025-11-14 20:34:16] downloading: /home/pajojeku/AndroidStudioProjects/Everyload/yt_dlp_server/downloads/Fallout Season Two Official Trailer ｜ Prime Video.f251.webm 2.6% downloaded=64512 speed=1397054.6395774495
[2025-11-14 20:34:16] downloading: /home/pajojeku/AndroidStudioProjects/Everyload/yt_dlp_server/downloads/Fallout Season Two Official Trailer ｜ Prime Video.f251.webm 5.3% downloaded=130048 speed=1812445.2874435543
[2025-11-14 20:34:16] downloading: /home/pajojeku/AndroidStudioProjects/Everyload/yt_dlp_server/downloads/Fallout Season Two Official Trailer ｜ Prime Video.f251.webm 10.7% downloaded=261120 speed=2564519.8283165325
[2025-11-14 20:34:17] downloading: /home/pajojeku/AndroidStudioProjects/Everyload/yt_dlp_server/downloads/Fallout Season Two Official Trailer ｜ Prime Video.f251.webm 21.4% downloaded=523264 speed=1712449.4400151058
[2025-11-14 20:34:17] downloading: /home/pajojeku/AndroidStudioProjects/Everyload/yt_dlp_server/downloads/Fallout Season Two Official Trailer ｜ Prime Video.f251.webm 42.9% downloaded=1047552 speed=2820086.7407401702
[2025-11-14 20:34:17] downloading: /home/pajojeku/AndroidStudioProjects/Everyload/yt_dlp_server/downloads/Fallout Season Two Official Trailer ｜ Prime Video.f251.webm 85.8% downloaded=2096128 speed=4476033.454389943
[2025-11-14 20:34:17] downloading: /home/pajojeku/AndroidStudioProjects/Everyload/yt_dlp_server/downloads/Fallout Season Two Official Trailer ｜ Prime Video.f251.webm 100.0% downloaded=2442327 speed=4694565.845522688
[2025-11-14 20:34:17] finished: /home/pajojeku/AndroidStudioProjects/Everyload/yt_dlp_server/downloads/Fallout Season Two Official Trailer ｜ Prime Video.f251.webm
[2025-11-14 20:34:17] yt_dlp finished extraction
[2025-11-14 20:34:17] Job dcbbb417-ce8e-458e-86f7-45835851d30c finished, files: ['Fallout Season Two Official Trailer ｜ Prime Video.webm']
